<?xml version="1.0" encoding="UTF-8"?>
<testng-results ignored="0" total="1" passed="1" failed="0" skipped="0">
  <reporter-output>
    <line>
      <![CDATA[createCampaign]]>
    </line>
  </reporter-output>
  <suite started-at="2024-12-23T09:03:03 IST" name="Suite" finished-at="2024-12-23T09:03:04 IST" duration-ms="51">
    <groups>
    </groups>
    <test started-at="2024-12-23T09:03:03 IST" name="Test" finished-at="2024-12-23T09:03:04 IST" duration-ms="51">
      <class name="com.crm.testscript.CampaignModule">
        <test-method signature="createCampaign()[pri:0, instance:com.crm.testscript.CampaignModule@747ddf94]" started-at="2024-12-23T09:03:04 IST" name="createCampaign" finished-at="2024-12-23T09:03:04 IST" duration-ms="8" status="PASS">
          <reporter-output>
            <line>
              <![CDATA[createCampaign]]>
            </line>
          </reporter-output>
        </test-method> <!-- createCampaign -->
      </class> <!-- com.crm.testscript.CampaignModule -->
    </test> <!-- Test -->
  </suite> <!-- Suite -->
</testng-results>
